{"/home/james/cf2/data_structures_and_algorithms/src/node.js": {"path":"/home/james/cf2/data_structures_and_algorithms/src/node.js","statementMap":{"0":{"start":{"line":3,"column":4},"end":{"line":3,"column":23}},"1":{"start":{"line":4,"column":4},"end":{"line":4,"column":21}},"2":{"start":{"line":8,"column":0},"end":{"line":8,"column":22}}},"fnMap":{"0":{"name":"(anonymous_0)","decl":{"start":{"line":2,"column":2},"end":{"line":2,"column":3}},"loc":{"start":{"line":2,"column":20},"end":{"line":5,"column":3}},"line":2}},"branchMap":{},"s":{"0":48,"1":48,"2":1},"f":{"0":48},"b":{},"_coverageSchema":"332fd63041d2c1bcb487cc26dd0d5f7d97098a6c","hash":"99c1fa20e488a143f75a4b0d20d9916aa45bb497"}
,"/home/james/cf2/data_structures_and_algorithms/src/stacks-and-queues.js": {"path":"/home/james/cf2/data_structures_and_algorithms/src/stacks-and-queues.js","statementMap":{"0":{"start":{"line":3,"column":13},"end":{"line":3,"column":33}},"1":{"start":{"line":11,"column":4},"end":{"line":11,"column":21}},"2":{"start":{"line":12,"column":4},"end":{"line":12,"column":21}},"3":{"start":{"line":13,"column":4},"end":{"line":13,"column":20}},"4":{"start":{"line":16,"column":4},"end":{"line":29,"column":5}},"5":{"start":{"line":17,"column":6},"end":{"line":17,"column":32}},"6":{"start":{"line":18,"column":6},"end":{"line":18,"column":31}},"7":{"start":{"line":19,"column":6},"end":{"line":19,"column":18}},"8":{"start":{"line":22,"column":20},"end":{"line":22,"column":29}},"9":{"start":{"line":23,"column":6},"end":{"line":25,"column":7}},"10":{"start":{"line":24,"column":8},"end":{"line":24,"column":29}},"11":{"start":{"line":26,"column":6},"end":{"line":26,"column":35}},"12":{"start":{"line":27,"column":6},"end":{"line":27,"column":30}},"13":{"start":{"line":28,"column":6},"end":{"line":28,"column":18}},"14":{"start":{"line":32,"column":4},"end":{"line":34,"column":5}},"15":{"start":{"line":33,"column":6},"end":{"line":33,"column":47}},"16":{"start":{"line":35,"column":18},"end":{"line":35,"column":27}},"17":{"start":{"line":36,"column":4},"end":{"line":38,"column":5}},"18":{"start":{"line":37,"column":6},"end":{"line":37,"column":29}},"19":{"start":{"line":39,"column":22},"end":{"line":39,"column":34}},"20":{"start":{"line":40,"column":4},"end":{"line":40,"column":24}},"21":{"start":{"line":41,"column":4},"end":{"line":41,"column":23}},"22":{"start":{"line":42,"column":4},"end":{"line":42,"column":23}},"23":{"start":{"line":45,"column":4},"end":{"line":45,"column":20}},"24":{"start":{"line":62,"column":4},"end":{"line":62,"column":21}},"25":{"start":{"line":63,"column":4},"end":{"line":63,"column":21}},"26":{"start":{"line":64,"column":4},"end":{"line":64,"column":22}},"27":{"start":{"line":67,"column":19},"end":{"line":67,"column":28}},"28":{"start":{"line":68,"column":15},"end":{"line":68,"column":28}},"29":{"start":{"line":69,"column":4},"end":{"line":69,"column":21}},"30":{"start":{"line":70,"column":4},"end":{"line":72,"column":5}},"31":{"start":{"line":71,"column":6},"end":{"line":71,"column":24}},"32":{"start":{"line":73,"column":4},"end":{"line":73,"column":30}},"33":{"start":{"line":74,"column":4},"end":{"line":74,"column":16}},"34":{"start":{"line":77,"column":4},"end":{"line":80,"column":5}},"35":{"start":{"line":78,"column":6},"end":{"line":78,"column":57}},"36":{"start":{"line":79,"column":6},"end":{"line":79,"column":51}},"37":{"start":{"line":81,"column":18},"end":{"line":81,"column":27}},"38":{"start":{"line":82,"column":4},"end":{"line":85,"column":5}},"39":{"start":{"line":83,"column":6},"end":{"line":83,"column":29}},"40":{"start":{"line":84,"column":6},"end":{"line":84,"column":27}},"41":{"start":{"line":86,"column":17},"end":{"line":86,"column":29}},"42":{"start":{"line":87,"column":4},"end":{"line":87,"column":24}},"43":{"start":{"line":88,"column":4},"end":{"line":88,"column":18}},"44":{"start":{"line":91,"column":4},"end":{"line":91,"column":22}},"45":{"start":{"line":95,"column":0},"end":{"line":95,"column":34}},"46":{"start":{"line":98,"column":12},"end":{"line":98,"column":21}},"47":{"start":{"line":99,"column":0},"end":{"line":99,"column":39}},"48":{"start":{"line":100,"column":0},"end":{"line":100,"column":42}},"49":{"start":{"line":101,"column":0},"end":{"line":101,"column":17}},"50":{"start":{"line":102,"column":0},"end":{"line":102,"column":42}},"51":{"start":{"line":103,"column":0},"end":{"line":103,"column":16}},"52":{"start":{"line":104,"column":0},"end":{"line":104,"column":42}},"53":{"start":{"line":106,"column":0},"end":{"line":106,"column":34}}},"fnMap":{"0":{"name":"(anonymous_0)","decl":{"start":{"line":10,"column":2},"end":{"line":10,"column":3}},"loc":{"start":{"line":10,"column":15},"end":{"line":14,"column":3}},"line":10},"1":{"name":"(anonymous_1)","decl":{"start":{"line":15,"column":2},"end":{"line":15,"column":3}},"loc":{"start":{"line":15,"column":11},"end":{"line":30,"column":3}},"line":15},"2":{"name":"(anonymous_2)","decl":{"start":{"line":31,"column":2},"end":{"line":31,"column":3}},"loc":{"start":{"line":31,"column":7},"end":{"line":43,"column":3}},"line":31},"3":{"name":"(anonymous_3)","decl":{"start":{"line":44,"column":2},"end":{"line":44,"column":3}},"loc":{"start":{"line":44,"column":8},"end":{"line":46,"column":3}},"line":44},"4":{"name":"(anonymous_4)","decl":{"start":{"line":61,"column":2},"end":{"line":61,"column":3}},"loc":{"start":{"line":61,"column":15},"end":{"line":65,"column":3}},"line":61},"5":{"name":"(anonymous_5)","decl":{"start":{"line":66,"column":2},"end":{"line":66,"column":3}},"loc":{"start":{"line":66,"column":14},"end":{"line":75,"column":3}},"line":66},"6":{"name":"(anonymous_6)","decl":{"start":{"line":76,"column":2},"end":{"line":76,"column":3}},"loc":{"start":{"line":76,"column":11},"end":{"line":89,"column":3}},"line":76},"7":{"name":"(anonymous_7)","decl":{"start":{"line":90,"column":2},"end":{"line":90,"column":3}},"loc":{"start":{"line":90,"column":8},"end":{"line":92,"column":3}},"line":90}},"branchMap":{"0":{"loc":{"start":{"line":16,"column":4},"end":{"line":29,"column":5}},"type":"if","locations":[{"start":{"line":16,"column":4},"end":{"line":29,"column":5}},{"start":{"line":16,"column":4},"end":{"line":29,"column":5}}],"line":16},"1":{"loc":{"start":{"line":32,"column":4},"end":{"line":34,"column":5}},"type":"if","locations":[{"start":{"line":32,"column":4},"end":{"line":34,"column":5}},{"start":{"line":32,"column":4},"end":{"line":34,"column":5}}],"line":32},"2":{"loc":{"start":{"line":70,"column":4},"end":{"line":72,"column":5}},"type":"if","locations":[{"start":{"line":70,"column":4},"end":{"line":72,"column":5}},{"start":{"line":70,"column":4},"end":{"line":72,"column":5}}],"line":70},"3":{"loc":{"start":{"line":77,"column":4},"end":{"line":80,"column":5}},"type":"if","locations":[{"start":{"line":77,"column":4},"end":{"line":80,"column":5}},{"start":{"line":77,"column":4},"end":{"line":80,"column":5}}],"line":77}},"s":{"0":1,"1":8,"2":8,"3":8,"4":18,"5":6,"6":6,"7":6,"8":12,"9":12,"10":10,"11":12,"12":12,"13":12,"14":4,"15":1,"16":3,"17":3,"18":2,"19":3,"20":3,"21":3,"22":3,"23":2,"24":10,"25":10,"26":10,"27":24,"28":24,"29":24,"30":24,"31":8,"32":24,"33":24,"34":6,"35":1,"36":1,"37":5,"38":5,"39":6,"40":6,"41":5,"42":5,"43":5,"44":3,"45":1,"46":1,"47":1,"48":1,"49":1,"50":1,"51":1,"52":1,"53":1},"f":{"0":8,"1":18,"2":4,"3":2,"4":10,"5":24,"6":6,"7":3},"b":{"0":[6,12],"1":[1,3],"2":[8,16],"3":[1,5]},"_coverageSchema":"332fd63041d2c1bcb487cc26dd0d5f7d97098a6c","hash":"a609e0dadcc7b29df29180c9a7beb726656024b8"}
}
