{"/home/james/cf2/data_structures_and_algorithms/src/multi-bracket-validation.js": {"path":"/home/james/cf2/data_structures_and_algorithms/src/multi-bracket-validation.js","statementMap":{"0":{"start":{"line":4,"column":16},"end":{"line":4,"column":29}},"1":{"start":{"line":5,"column":15},"end":{"line":5,"column":16}},"2":{"start":{"line":6,"column":15},"end":{"line":6,"column":16}},"3":{"start":{"line":7,"column":17},"end":{"line":7,"column":18}},"4":{"start":{"line":8,"column":17},"end":{"line":8,"column":18}},"5":{"start":{"line":9,"column":15},"end":{"line":9,"column":16}},"6":{"start":{"line":10,"column":15},"end":{"line":10,"column":16}},"7":{"start":{"line":11,"column":2},"end":{"line":18,"column":3}},"8":{"start":{"line":12,"column":4},"end":{"line":12,"column":42}},"9":{"start":{"line":12,"column":29},"end":{"line":12,"column":40}},"10":{"start":{"line":13,"column":4},"end":{"line":13,"column":42}},"11":{"start":{"line":13,"column":29},"end":{"line":13,"column":40}},"12":{"start":{"line":14,"column":4},"end":{"line":14,"column":44}},"13":{"start":{"line":14,"column":29},"end":{"line":14,"column":42}},"14":{"start":{"line":15,"column":4},"end":{"line":15,"column":44}},"15":{"start":{"line":15,"column":29},"end":{"line":15,"column":42}},"16":{"start":{"line":16,"column":4},"end":{"line":16,"column":42}},"17":{"start":{"line":16,"column":29},"end":{"line":16,"column":40}},"18":{"start":{"line":17,"column":4},"end":{"line":17,"column":42}},"19":{"start":{"line":17,"column":29},"end":{"line":17,"column":40}},"20":{"start":{"line":19,"column":2},"end":{"line":24,"column":3}},"21":{"start":{"line":20,"column":4},"end":{"line":20,"column":16}},"22":{"start":{"line":23,"column":4},"end":{"line":23,"column":17}},"23":{"start":{"line":27,"column":0},"end":{"line":27,"column":40}}},"fnMap":{"0":{"name":"multiBracketValidation","decl":{"start":{"line":3,"column":9},"end":{"line":3,"column":31}},"loc":{"start":{"line":3,"column":38},"end":{"line":25,"column":1}},"line":3}},"branchMap":{"0":{"loc":{"start":{"line":12,"column":4},"end":{"line":12,"column":42}},"type":"if","locations":[{"start":{"line":12,"column":4},"end":{"line":12,"column":42}},{"start":{"line":12,"column":4},"end":{"line":12,"column":42}}],"line":12},"1":{"loc":{"start":{"line":13,"column":4},"end":{"line":13,"column":42}},"type":"if","locations":[{"start":{"line":13,"column":4},"end":{"line":13,"column":42}},{"start":{"line":13,"column":4},"end":{"line":13,"column":42}}],"line":13},"2":{"loc":{"start":{"line":14,"column":4},"end":{"line":14,"column":44}},"type":"if","locations":[{"start":{"line":14,"column":4},"end":{"line":14,"column":44}},{"start":{"line":14,"column":4},"end":{"line":14,"column":44}}],"line":14},"3":{"loc":{"start":{"line":15,"column":4},"end":{"line":15,"column":44}},"type":"if","locations":[{"start":{"line":15,"column":4},"end":{"line":15,"column":44}},{"start":{"line":15,"column":4},"end":{"line":15,"column":44}}],"line":15},"4":{"loc":{"start":{"line":16,"column":4},"end":{"line":16,"column":42}},"type":"if","locations":[{"start":{"line":16,"column":4},"end":{"line":16,"column":42}},{"start":{"line":16,"column":4},"end":{"line":16,"column":42}}],"line":16},"5":{"loc":{"start":{"line":17,"column":4},"end":{"line":17,"column":42}},"type":"if","locations":[{"start":{"line":17,"column":4},"end":{"line":17,"column":42}},{"start":{"line":17,"column":4},"end":{"line":17,"column":42}}],"line":17},"6":{"loc":{"start":{"line":19,"column":2},"end":{"line":24,"column":3}},"type":"if","locations":[{"start":{"line":19,"column":2},"end":{"line":24,"column":3}},{"start":{"line":19,"column":2},"end":{"line":24,"column":3}}],"line":19},"7":{"loc":{"start":{"line":19,"column":5},"end":{"line":19,"column":74}},"type":"binary-expr","locations":[{"start":{"line":19,"column":6},"end":{"line":19,"column":23}},{"start":{"line":19,"column":29},"end":{"line":19,"column":50}},{"start":{"line":19,"column":56},"end":{"line":19,"column":73}}],"line":19}},"s":{"0":5,"1":5,"2":5,"3":5,"4":5,"5":5,"6":5,"7":5,"8":25,"9":2,"10":25,"11":1,"12":25,"13":7,"14":25,"15":3,"16":25,"17":3,"18":25,"19":1,"20":5,"21":3,"22":2,"23":1},"f":{"0":5},"b":{"0":[2,23],"1":[1,24],"2":[7,18],"3":[3,22],"4":[3,22],"5":[1,24],"6":[3,2],"7":[5,4,3]},"_coverageSchema":"332fd63041d2c1bcb487cc26dd0d5f7d97098a6c","hash":"7ae5045800a10c5da994af628f5190fb419ec341"}
}
