TN:
SF:/home/james/cf2/data_structures_and_algorithms/src/node.js
FN:2,(anonymous_0)
FNF:1
FNH:1
FNDA:29,(anonymous_0)
DA:3,29
DA:4,29
DA:5,29
DA:9,1
LF:4
LH:4
BRF:0
BRH:0
end_of_record
TN:
SF:/home/james/cf2/data_structures_and_algorithms/src/tree.js
FN:6,(anonymous_0)
FN:10,(anonymous_1)
FN:16,(anonymous_2)
FN:42,(anonymous_3)
FN:60,(anonymous_4)
FN:63,(anonymous_5)
FN:73,(anonymous_6)
FN:76,(anonymous_7)
FN:87,(anonymous_8)
FN:90,(anonymous_9)
FN:102,(anonymous_10)
FN:124,(anonymous_11)
FNF:12
FNH:8
FNDA:7,(anonymous_0)
FNDA:29,(anonymous_1)
FNDA:37,(anonymous_2)
FNDA:0,(anonymous_3)
FNDA:2,(anonymous_4)
FNDA:14,(anonymous_5)
FNDA:3,(anonymous_6)
FNDA:19,(anonymous_7)
FNDA:0,(anonymous_8)
FNDA:0,(anonymous_9)
FNDA:0,(anonymous_10)
FNDA:9,(anonymous_11)
DA:3,1
DA:7,7
DA:11,29
DA:12,29
DA:13,7
DA:14,7
DA:16,22
DA:17,37
DA:18,21
DA:19,11
DA:20,11
DA:22,10
DA:23,10
DA:26,16
DA:27,16
DA:28,11
DA:29,11
DA:31,5
DA:32,5
DA:36,0
DA:39,22
DA:43,0
DA:44,0
DA:45,0
DA:46,0
DA:49,0
DA:51,0
DA:52,0
DA:55,0
DA:61,2
DA:63,2
DA:64,14
DA:65,14
DA:66,14
DA:69,2
DA:70,2
DA:74,3
DA:76,3
DA:77,19
DA:78,19
DA:79,19
DA:82,3
DA:83,3
DA:88,0
DA:90,0
DA:91,0
DA:92,0
DA:93,0
DA:96,0
DA:97,0
DA:103,0
DA:104,0
DA:106,0
DA:108,0
DA:109,0
DA:110,0
DA:111,0
DA:112,0
DA:114,0
DA:118,1
DA:121,1
DA:122,1
DA:123,1
DA:124,9
DA:127,1
DA:128,1
DA:145,1
DA:146,1
DA:147,1
DA:148,1
DA:149,1
DA:150,1
DA:152,1
LF:73
LH:48
BRDA:6,0,0,7
BRDA:12,1,0,7
BRDA:12,1,1,22
BRDA:17,2,0,21
BRDA:17,2,1,16
BRDA:18,3,0,11
BRDA:18,3,1,10
BRDA:22,4,0,10
BRDA:22,4,1,0
BRDA:26,5,0,16
BRDA:26,5,1,0
BRDA:27,6,0,11
BRDA:27,6,1,5
BRDA:31,7,0,5
BRDA:31,7,1,0
BRDA:45,8,0,0
BRDA:45,8,1,0
BRDA:51,9,0,0
BRDA:51,9,1,0
BRDA:65,10,0,6
BRDA:65,10,1,8
BRDA:66,11,0,6
BRDA:66,11,1,8
BRDA:77,12,0,8
BRDA:77,12,1,11
BRDA:78,13,0,8
BRDA:78,13,1,11
BRDA:91,14,0,0
BRDA:91,14,1,0
BRDA:93,15,0,0
BRDA:93,15,1,0
BRDA:111,16,0,0
BRDA:111,16,1,0
BRDA:112,17,0,0
BRDA:112,17,1,0
BRF:35
BRH:20
end_of_record
