TN:
SF:/home/james/cf2/data_structures_and_algorithms/src/node.js
FN:2,(anonymous_0)
FNF:1
FNH:1
FNDA:48,(anonymous_0)
DA:3,48
DA:4,48
DA:8,1
LF:3
LH:3
BRF:0
BRH:0
end_of_record
TN:
SF:/home/james/cf2/data_structures_and_algorithms/src/stacks-and-queues.js
FN:10,(anonymous_0)
FN:15,(anonymous_1)
FN:31,(anonymous_2)
FN:44,(anonymous_3)
FN:50,(anonymous_4)
FN:55,(anonymous_5)
FN:65,(anonymous_6)
FN:79,(anonymous_7)
FNF:8
FNH:8
FNDA:8,(anonymous_0)
FNDA:18,(anonymous_1)
FNDA:4,(anonymous_2)
FNDA:2,(anonymous_3)
FNDA:10,(anonymous_4)
FNDA:24,(anonymous_5)
FNDA:6,(anonymous_6)
FNDA:3,(anonymous_7)
DA:3,1
DA:11,8
DA:12,8
DA:13,8
DA:16,18
DA:17,6
DA:18,6
DA:19,6
DA:22,12
DA:23,12
DA:24,10
DA:26,12
DA:27,12
DA:28,12
DA:32,4
DA:33,1
DA:35,3
DA:36,3
DA:37,2
DA:39,3
DA:40,3
DA:41,3
DA:42,3
DA:45,2
DA:51,10
DA:52,10
DA:53,10
DA:56,24
DA:57,24
DA:58,24
DA:59,24
DA:60,8
DA:62,24
DA:63,24
DA:66,6
DA:67,1
DA:68,1
DA:70,5
DA:71,5
DA:72,6
DA:73,6
DA:75,5
DA:76,5
DA:77,5
DA:80,3
DA:84,1
DA:87,1
DA:88,1
DA:89,1
DA:90,1
DA:91,1
DA:92,1
DA:93,1
DA:95,1
LF:54
LH:54
BRDA:16,0,0,6
BRDA:16,0,1,12
BRDA:32,1,0,1
BRDA:32,1,1,3
BRDA:59,2,0,8
BRDA:59,2,1,16
BRDA:66,3,0,1
BRDA:66,3,1,5
BRF:8
BRH:8
end_of_record
